2020-05-13 08:16:28.229  WARN 18760 --- [HikariPool-1 housekeeper] com.zaxxer.hikari.pool.HikariPool        : HikariPool-1 - Thread starvation or clock leap detected (housekeeper delta=16h8m48s462ms414µs80ns).
2020-05-13 14:52:34.869  INFO 11760 --- [main] com.iou.iou.IouApplication               : Starting IouApplication on IBMPF0P6NNP with PID 11760 (D:\kcb\interview\iou\iou\target\classes started by PMMuthama in D:\kcb\interview\iou\iou)
2020-05-13 14:52:34.874  INFO 11760 --- [main] com.iou.iou.IouApplication               : No active profile set, falling back to default profiles: default
2020-05-13 14:52:37.439  INFO 11760 --- [main] .s.d.r.c.RepositoryConfigurationDelegate : Bootstrapping Spring Data JPA repositories in DEFAULT mode.
2020-05-13 14:52:37.603  INFO 11760 --- [main] .s.d.r.c.RepositoryConfigurationDelegate : Finished Spring Data repository scanning in 139ms. Found 2 JPA repository interfaces.
2020-05-13 14:52:38.651  INFO 11760 --- [main] o.s.b.w.embedded.tomcat.TomcatWebServer  : Tomcat initialized with port(s): 8080 (http)
2020-05-13 14:52:38.665  INFO 11760 --- [main] o.apache.catalina.core.StandardService   : Starting service [Tomcat]
2020-05-13 14:52:38.666  INFO 11760 --- [main] org.apache.catalina.core.StandardEngine  : Starting Servlet engine: [Apache Tomcat/9.0.34]
2020-05-13 14:52:38.810  INFO 11760 --- [main] o.a.c.c.C.[Tomcat].[localhost].[/]       : Initializing Spring embedded WebApplicationContext
2020-05-13 14:52:38.811  INFO 11760 --- [main] o.s.web.context.ContextLoader            : Root WebApplicationContext: initialization completed in 3884 ms
2020-05-13 14:52:39.044  INFO 11760 --- [main] com.zaxxer.hikari.HikariDataSource       : HikariPool-1 - Starting...
2020-05-13 14:52:39.374  INFO 11760 --- [main] com.zaxxer.hikari.HikariDataSource       : HikariPool-1 - Start completed.
2020-05-13 14:52:39.478  INFO 11760 --- [main] o.s.b.a.h2.H2ConsoleAutoConfiguration    : H2 console available at '/h2-console'. Database available at 'jdbc:h2:~/dbIOU1'
2020-05-13 14:52:39.847  INFO 11760 --- [main] o.hibernate.jpa.internal.util.LogHelper  : HHH000204: Processing PersistenceUnitInfo [name: default]
2020-05-13 14:52:39.894  INFO 11760 --- [main] org.hibernate.Version                    : HHH000412: Hibernate ORM core version 5.4.15.Final
2020-05-13 14:52:40.028  INFO 11760 --- [main] o.hibernate.annotations.common.Version   : HCANN000001: Hibernate Commons Annotations {5.1.0.Final}
2020-05-13 14:52:40.149  INFO 11760 --- [main] org.hibernate.dialect.Dialect            : HHH000400: Using dialect: org.hibernate.dialect.H2Dialect
2020-05-13 14:52:40.972  INFO 11760 --- [main] o.h.e.t.j.p.i.JtaPlatformInitiator       : HHH000490: Using JtaPlatform implementation: [org.hibernate.engine.transaction.jta.platform.internal.NoJtaPlatform]
2020-05-13 14:52:40.979  INFO 11760 --- [main] j.LocalContainerEntityManagerFactoryBean : Initialized JPA EntityManagerFactory for persistence unit 'default'
2020-05-13 14:52:42.371  WARN 11760 --- [main] JpaBaseConfiguration$JpaWebConfiguration : spring.jpa.open-in-view is enabled by default. Therefore, database queries may be performed during view rendering. Explicitly configure spring.jpa.open-in-view to disable this warning
2020-05-13 14:52:42.665  INFO 11760 --- [main] o.s.s.concurrent.ThreadPoolTaskExecutor  : Initializing ExecutorService 'applicationTaskExecutor'
2020-05-13 14:52:43.647  INFO 11760 --- [main] o.s.b.a.e.web.EndpointLinksResolver      : Exposing 2 endpoint(s) beneath base path '/actuator'
2020-05-13 14:52:43.895  INFO 11760 --- [main] o.s.b.w.embedded.tomcat.TomcatWebServer  : Tomcat started on port(s): 8080 (http) with context path ''
2020-05-13 14:52:43.898  INFO 11760 --- [main] com.iou.iou.IouApplication               : Started IouApplication in 9.534 seconds (JVM running for 10.455)
2020-05-13 14:52:49.103  INFO 11760 --- [http-nio-8080-exec-1] o.a.c.c.C.[Tomcat].[localhost].[/]       : Initializing Spring DispatcherServlet 'dispatcherServlet'
2020-05-13 14:52:49.103  INFO 11760 --- [http-nio-8080-exec-1] o.s.web.servlet.DispatcherServlet        : Initializing Servlet 'dispatcherServlet'
2020-05-13 14:52:49.284  INFO 11760 --- [http-nio-8080-exec-1] o.s.web.servlet.DispatcherServlet        : Completed initialization in 180 ms
2020-05-13 14:55:13.209  INFO 11760 --- [http-nio-8080-exec-6] com.iou.iou.Controllers.UserControllers  : User successfully saved
2020-05-13 15:05:19.517  INFO 11760 --- [RMI TCP Connection(24)-127.0.0.1] inMXBeanRegistrar$SpringApplicationAdmin : Application shutdown requested.
2020-05-13 15:05:19.521  INFO 11760 --- [RMI TCP Connection(24)-127.0.0.1] o.s.s.concurrent.ThreadPoolTaskExecutor  : Shutting down ExecutorService 'applicationTaskExecutor'
2020-05-13 15:05:19.523  INFO 11760 --- [RMI TCP Connection(24)-127.0.0.1] j.LocalContainerEntityManagerFactoryBean : Closing JPA EntityManagerFactory for persistence unit 'default'
2020-05-13 15:05:19.527  INFO 11760 --- [RMI TCP Connection(24)-127.0.0.1] com.zaxxer.hikari.HikariDataSource       : HikariPool-1 - Shutdown initiated...
2020-05-13 15:05:19.541  INFO 11760 --- [RMI TCP Connection(24)-127.0.0.1] com.zaxxer.hikari.HikariDataSource       : HikariPool-1 - Shutdown completed.
2020-05-13 15:05:30.810  INFO 8172 --- [main] com.iou.iou.IouApplication               : Starting IouApplication on IBMPF0P6NNP with PID 8172 (D:\kcb\interview\iou\iou\target\classes started by PMMuthama in D:\kcb\interview\iou\iou)
2020-05-13 15:05:30.813  INFO 8172 --- [main] com.iou.iou.IouApplication               : No active profile set, falling back to default profiles: default
2020-05-13 15:05:31.869  INFO 8172 --- [main] .s.d.r.c.RepositoryConfigurationDelegate : Bootstrapping Spring Data JPA repositories in DEFAULT mode.
2020-05-13 15:05:31.946  INFO 8172 --- [main] .s.d.r.c.RepositoryConfigurationDelegate : Finished Spring Data repository scanning in 65ms. Found 2 JPA repository interfaces.
2020-05-13 15:05:32.661  INFO 8172 --- [main] o.s.b.w.embedded.tomcat.TomcatWebServer  : Tomcat initialized with port(s): 8080 (http)
2020-05-13 15:05:32.670  INFO 8172 --- [main] o.apache.catalina.core.StandardService   : Starting service [Tomcat]
2020-05-13 15:05:32.671  INFO 8172 --- [main] org.apache.catalina.core.StandardEngine  : Starting Servlet engine: [Apache Tomcat/9.0.34]
2020-05-13 15:05:32.798  INFO 8172 --- [main] o.a.c.c.C.[Tomcat].[localhost].[/]       : Initializing Spring embedded WebApplicationContext
2020-05-13 15:05:32.798  INFO 8172 --- [main] o.s.web.context.ContextLoader            : Root WebApplicationContext: initialization completed in 1916 ms
2020-05-13 15:05:33.032  INFO 8172 --- [main] com.zaxxer.hikari.HikariDataSource       : HikariPool-1 - Starting...
2020-05-13 15:05:33.175  INFO 8172 --- [main] com.zaxxer.hikari.HikariDataSource       : HikariPool-1 - Start completed.
2020-05-13 15:05:33.296  INFO 8172 --- [main] o.s.b.a.h2.H2ConsoleAutoConfiguration    : H2 console available at '/h2-console'. Database available at 'jdbc:h2:~/dbIOU1'
2020-05-13 15:05:33.682  INFO 8172 --- [main] o.hibernate.jpa.internal.util.LogHelper  : HHH000204: Processing PersistenceUnitInfo [name: default]
2020-05-13 15:05:33.729  INFO 8172 --- [main] org.hibernate.Version                    : HHH000412: Hibernate ORM core version 5.4.15.Final
2020-05-13 15:05:33.867  INFO 8172 --- [main] o.hibernate.annotations.common.Version   : HCANN000001: Hibernate Commons Annotations {5.1.0.Final}
2020-05-13 15:05:33.994  INFO 8172 --- [main] org.hibernate.dialect.Dialect            : HHH000400: Using dialect: org.hibernate.dialect.H2Dialect
2020-05-13 15:05:34.766  INFO 8172 --- [main] o.h.e.t.j.p.i.JtaPlatformInitiator       : HHH000490: Using JtaPlatform implementation: [org.hibernate.engine.transaction.jta.platform.internal.NoJtaPlatform]
2020-05-13 15:05:34.774  INFO 8172 --- [main] j.LocalContainerEntityManagerFactoryBean : Initialized JPA EntityManagerFactory for persistence unit 'default'
2020-05-13 15:05:35.819  WARN 8172 --- [main] JpaBaseConfiguration$JpaWebConfiguration : spring.jpa.open-in-view is enabled by default. Therefore, database queries may be performed during view rendering. Explicitly configure spring.jpa.open-in-view to disable this warning
2020-05-13 15:05:35.985  INFO 8172 --- [main] o.s.s.concurrent.ThreadPoolTaskExecutor  : Initializing ExecutorService 'applicationTaskExecutor'
2020-05-13 15:05:36.500  INFO 8172 --- [main] o.s.b.a.e.web.EndpointLinksResolver      : Exposing 2 endpoint(s) beneath base path '/actuator'
2020-05-13 15:05:36.589  INFO 8172 --- [main] o.s.b.w.embedded.tomcat.TomcatWebServer  : Tomcat started on port(s): 8080 (http) with context path ''
2020-05-13 15:05:36.592  INFO 8172 --- [main] com.iou.iou.IouApplication               : Started IouApplication in 6.194 seconds (JVM running for 13.602)
2020-05-13 15:05:39.854  INFO 8172 --- [http-nio-8080-exec-1] o.a.c.c.C.[Tomcat].[localhost].[/]       : Initializing Spring DispatcherServlet 'dispatcherServlet'
2020-05-13 15:05:39.854  INFO 8172 --- [http-nio-8080-exec-1] o.s.web.servlet.DispatcherServlet        : Initializing Servlet 'dispatcherServlet'
2020-05-13 15:05:39.881  INFO 8172 --- [http-nio-8080-exec-1] o.s.web.servlet.DispatcherServlet        : Completed initialization in 26 ms
2020-05-13 15:08:39.982  INFO 8172 --- [RMI TCP Connection(13)-127.0.0.1] inMXBeanRegistrar$SpringApplicationAdmin : Application shutdown requested.
2020-05-13 15:08:39.988  INFO 8172 --- [RMI TCP Connection(13)-127.0.0.1] o.s.s.concurrent.ThreadPoolTaskExecutor  : Shutting down ExecutorService 'applicationTaskExecutor'
2020-05-13 15:08:39.990  INFO 8172 --- [RMI TCP Connection(13)-127.0.0.1] j.LocalContainerEntityManagerFactoryBean : Closing JPA EntityManagerFactory for persistence unit 'default'
2020-05-13 15:08:39.994  INFO 8172 --- [RMI TCP Connection(13)-127.0.0.1] com.zaxxer.hikari.HikariDataSource       : HikariPool-1 - Shutdown initiated...
2020-05-13 15:08:40.079  INFO 8172 --- [RMI TCP Connection(13)-127.0.0.1] com.zaxxer.hikari.HikariDataSource       : HikariPool-1 - Shutdown completed.
2020-05-13 15:08:44.012  INFO 10720 --- [main] com.iou.iou.IouApplication               : Starting IouApplication on IBMPF0P6NNP with PID 10720 (D:\kcb\interview\iou\iou\target\classes started by PMMuthama in D:\kcb\interview\iou\iou)
2020-05-13 15:08:44.017  INFO 10720 --- [main] com.iou.iou.IouApplication               : No active profile set, falling back to default profiles: default
2020-05-13 15:08:45.171  INFO 10720 --- [main] .s.d.r.c.RepositoryConfigurationDelegate : Bootstrapping Spring Data JPA repositories in DEFAULT mode.
2020-05-13 15:08:45.298  INFO 10720 --- [main] .s.d.r.c.RepositoryConfigurationDelegate : Finished Spring Data repository scanning in 110ms. Found 2 JPA repository interfaces.
2020-05-13 15:08:46.286  INFO 10720 --- [main] o.s.b.w.embedded.tomcat.TomcatWebServer  : Tomcat initialized with port(s): 8080 (http)
2020-05-13 15:08:46.300  INFO 10720 --- [main] o.apache.catalina.core.StandardService   : Starting service [Tomcat]
2020-05-13 15:08:46.300  INFO 10720 --- [main] org.apache.catalina.core.StandardEngine  : Starting Servlet engine: [Apache Tomcat/9.0.34]
2020-05-13 15:08:46.496  INFO 10720 --- [main] o.a.c.c.C.[Tomcat].[localhost].[/]       : Initializing Spring embedded WebApplicationContext
2020-05-13 15:08:46.497  INFO 10720 --- [main] o.s.web.context.ContextLoader            : Root WebApplicationContext: initialization completed in 2422 ms
2020-05-13 15:08:46.753  INFO 10720 --- [main] com.zaxxer.hikari.HikariDataSource       : HikariPool-1 - Starting...
2020-05-13 15:08:46.894  INFO 10720 --- [main] com.zaxxer.hikari.HikariDataSource       : HikariPool-1 - Start completed.
2020-05-13 15:08:46.989  INFO 10720 --- [main] o.s.b.a.h2.H2ConsoleAutoConfiguration    : H2 console available at '/h2-console'. Database available at 'jdbc:h2:~/dbIOU1'
2020-05-13 15:08:47.345  INFO 10720 --- [main] o.hibernate.jpa.internal.util.LogHelper  : HHH000204: Processing PersistenceUnitInfo [name: default]
2020-05-13 15:08:47.392  INFO 10720 --- [main] org.hibernate.Version                    : HHH000412: Hibernate ORM core version 5.4.15.Final
2020-05-13 15:08:47.519  INFO 10720 --- [main] o.hibernate.annotations.common.Version   : HCANN000001: Hibernate Commons Annotations {5.1.0.Final}
2020-05-13 15:08:47.640  INFO 10720 --- [main] org.hibernate.dialect.Dialect            : HHH000400: Using dialect: org.hibernate.dialect.H2Dialect
2020-05-13 15:08:48.432  INFO 10720 --- [main] o.h.e.t.j.p.i.JtaPlatformInitiator       : HHH000490: Using JtaPlatform implementation: [org.hibernate.engine.transaction.jta.platform.internal.NoJtaPlatform]
2020-05-13 15:08:48.439  INFO 10720 --- [main] j.LocalContainerEntityManagerFactoryBean : Initialized JPA EntityManagerFactory for persistence unit 'default'
2020-05-13 15:08:49.232  WARN 10720 --- [main] JpaBaseConfiguration$JpaWebConfiguration : spring.jpa.open-in-view is enabled by default. Therefore, database queries may be performed during view rendering. Explicitly configure spring.jpa.open-in-view to disable this warning
2020-05-13 15:08:49.452  INFO 10720 --- [main] o.s.s.concurrent.ThreadPoolTaskExecutor  : Initializing ExecutorService 'applicationTaskExecutor'
2020-05-13 15:08:49.960  INFO 10720 --- [main] o.s.b.a.e.web.EndpointLinksResolver      : Exposing 2 endpoint(s) beneath base path '/actuator'
2020-05-13 15:08:50.046  INFO 10720 --- [main] o.s.b.w.embedded.tomcat.TomcatWebServer  : Tomcat started on port(s): 8080 (http) with context path ''
2020-05-13 15:08:50.048  INFO 10720 --- [main] com.iou.iou.IouApplication               : Started IouApplication in 6.504 seconds (JVM running for 7.519)
2020-05-13 15:08:52.267  INFO 10720 --- [http-nio-8080-exec-1] o.a.c.c.C.[Tomcat].[localhost].[/]       : Initializing Spring DispatcherServlet 'dispatcherServlet'
2020-05-13 15:08:52.267  INFO 10720 --- [http-nio-8080-exec-1] o.s.web.servlet.DispatcherServlet        : Initializing Servlet 'dispatcherServlet'
2020-05-13 15:08:52.295  INFO 10720 --- [http-nio-8080-exec-1] o.s.web.servlet.DispatcherServlet        : Completed initialization in 28 ms
2020-05-13 15:12:40.298  INFO 10720 --- [http-nio-8080-exec-2] com.iou.iou.Controllers.UserControllers  : User successfully saved
2020-05-13 15:20:27.681  INFO 10720 --- [RMI TCP Connection(22)-127.0.0.1] inMXBeanRegistrar$SpringApplicationAdmin : Application shutdown requested.
2020-05-13 15:20:27.685  INFO 10720 --- [RMI TCP Connection(22)-127.0.0.1] o.s.s.concurrent.ThreadPoolTaskExecutor  : Shutting down ExecutorService 'applicationTaskExecutor'
2020-05-13 15:20:27.687  INFO 10720 --- [RMI TCP Connection(22)-127.0.0.1] j.LocalContainerEntityManagerFactoryBean : Closing JPA EntityManagerFactory for persistence unit 'default'
2020-05-13 15:20:27.691  INFO 10720 --- [RMI TCP Connection(22)-127.0.0.1] com.zaxxer.hikari.HikariDataSource       : HikariPool-1 - Shutdown initiated...
2020-05-13 15:20:27.694  INFO 10720 --- [RMI TCP Connection(22)-127.0.0.1] com.zaxxer.hikari.HikariDataSource       : HikariPool-1 - Shutdown completed.
2020-05-13 15:20:32.334  INFO 10480 --- [main] com.iou.iou.IouApplication               : Starting IouApplication on IBMPF0P6NNP with PID 10480 (D:\kcb\interview\iou\iou\target\classes started by PMMuthama in D:\kcb\interview\iou\iou)
2020-05-13 15:20:32.334  INFO 10480 --- [main] com.iou.iou.IouApplication               : No active profile set, falling back to default profiles: default
2020-05-13 15:20:33.507  INFO 10480 --- [main] .s.d.r.c.RepositoryConfigurationDelegate : Bootstrapping Spring Data JPA repositories in DEFAULT mode.
2020-05-13 15:20:33.588  INFO 10480 --- [main] .s.d.r.c.RepositoryConfigurationDelegate : Finished Spring Data repository scanning in 75ms. Found 2 JPA repository interfaces.
2020-05-13 15:20:34.372  INFO 10480 --- [main] o.s.b.w.embedded.tomcat.TomcatWebServer  : Tomcat initialized with port(s): 8080 (http)
2020-05-13 15:20:34.384  INFO 10480 --- [main] o.apache.catalina.core.StandardService   : Starting service [Tomcat]
2020-05-13 15:20:34.384  INFO 10480 --- [main] org.apache.catalina.core.StandardEngine  : Starting Servlet engine: [Apache Tomcat/9.0.34]
2020-05-13 15:20:34.505  INFO 10480 --- [main] o.a.c.c.C.[Tomcat].[localhost].[/]       : Initializing Spring embedded WebApplicationContext
2020-05-13 15:20:34.505  INFO 10480 --- [main] o.s.web.context.ContextLoader            : Root WebApplicationContext: initialization completed in 2109 ms
2020-05-13 15:20:34.737  INFO 10480 --- [main] com.zaxxer.hikari.HikariDataSource       : HikariPool-1 - Starting...
2020-05-13 15:20:34.887  INFO 10480 --- [main] com.zaxxer.hikari.HikariDataSource       : HikariPool-1 - Start completed.
2020-05-13 15:20:34.982  INFO 10480 --- [main] o.s.b.a.h2.H2ConsoleAutoConfiguration    : H2 console available at '/h2-console'. Database available at 'jdbc:h2:~/dbIOU1'
2020-05-13 15:20:35.347  INFO 10480 --- [main] o.hibernate.jpa.internal.util.LogHelper  : HHH000204: Processing PersistenceUnitInfo [name: default]
2020-05-13 15:20:35.396  INFO 10480 --- [main] org.hibernate.Version                    : HHH000412: Hibernate ORM core version 5.4.15.Final
2020-05-13 15:20:35.522  INFO 10480 --- [main] o.hibernate.annotations.common.Version   : HCANN000001: Hibernate Commons Annotations {5.1.0.Final}
2020-05-13 15:20:35.632  INFO 10480 --- [main] org.hibernate.dialect.Dialect            : HHH000400: Using dialect: org.hibernate.dialect.H2Dialect
2020-05-13 15:20:36.443  INFO 10480 --- [main] o.h.e.t.j.p.i.JtaPlatformInitiator       : HHH000490: Using JtaPlatform implementation: [org.hibernate.engine.transaction.jta.platform.internal.NoJtaPlatform]
2020-05-13 15:20:36.450  INFO 10480 --- [main] j.LocalContainerEntityManagerFactoryBean : Initialized JPA EntityManagerFactory for persistence unit 'default'
2020-05-13 15:20:37.252  WARN 10480 --- [main] JpaBaseConfiguration$JpaWebConfiguration : spring.jpa.open-in-view is enabled by default. Therefore, database queries may be performed during view rendering. Explicitly configure spring.jpa.open-in-view to disable this warning
2020-05-13 15:20:37.444  INFO 10480 --- [main] o.s.s.concurrent.ThreadPoolTaskExecutor  : Initializing ExecutorService 'applicationTaskExecutor'
2020-05-13 15:20:37.959  INFO 10480 --- [main] o.s.b.a.e.web.EndpointLinksResolver      : Exposing 2 endpoint(s) beneath base path '/actuator'
2020-05-13 15:20:38.037  INFO 10480 --- [main] o.s.b.w.embedded.tomcat.TomcatWebServer  : Tomcat started on port(s): 8080 (http) with context path ''
2020-05-13 15:20:38.037  INFO 10480 --- [main] com.iou.iou.IouApplication               : Started IouApplication in 6.176 seconds (JVM running for 7.151)
2020-05-13 15:20:41.614  INFO 10480 --- [http-nio-8080-exec-1] o.a.c.c.C.[Tomcat].[localhost].[/]       : Initializing Spring DispatcherServlet 'dispatcherServlet'
2020-05-13 15:20:41.614  INFO 10480 --- [http-nio-8080-exec-1] o.s.web.servlet.DispatcherServlet        : Initializing Servlet 'dispatcherServlet'
2020-05-13 15:20:41.642  INFO 10480 --- [http-nio-8080-exec-1] o.s.web.servlet.DispatcherServlet        : Completed initialization in 27 ms
2020-05-13 15:20:42.129  INFO 10480 --- [http-nio-8080-exec-1] com.iou.iou.Controllers.UserControllers  : User successfully saved
2020-05-13 15:23:47.428  INFO 10480 --- [RMI TCP Connection(16)-127.0.0.1] inMXBeanRegistrar$SpringApplicationAdmin : Application shutdown requested.
2020-05-13 15:23:47.436  INFO 10480 --- [RMI TCP Connection(16)-127.0.0.1] o.s.s.concurrent.ThreadPoolTaskExecutor  : Shutting down ExecutorService 'applicationTaskExecutor'
2020-05-13 15:23:47.436  INFO 10480 --- [RMI TCP Connection(16)-127.0.0.1] j.LocalContainerEntityManagerFactoryBean : Closing JPA EntityManagerFactory for persistence unit 'default'
2020-05-13 15:23:47.436  INFO 10480 --- [RMI TCP Connection(16)-127.0.0.1] com.zaxxer.hikari.HikariDataSource       : HikariPool-1 - Shutdown initiated...
2020-05-13 15:23:47.436  INFO 10480 --- [RMI TCP Connection(16)-127.0.0.1] com.zaxxer.hikari.HikariDataSource       : HikariPool-1 - Shutdown completed.
2020-05-13 15:23:51.975  INFO 236 --- [main] com.iou.iou.IouApplication               : Starting IouApplication on IBMPF0P6NNP with PID 236 (D:\kcb\interview\iou\iou\target\classes started by PMMuthama in D:\kcb\interview\iou\iou)
2020-05-13 15:23:51.975  INFO 236 --- [main] com.iou.iou.IouApplication               : No active profile set, falling back to default profiles: default
2020-05-13 15:23:53.036  INFO 236 --- [main] .s.d.r.c.RepositoryConfigurationDelegate : Bootstrapping Spring Data JPA repositories in DEFAULT mode.
2020-05-13 15:23:53.109  INFO 236 --- [main] .s.d.r.c.RepositoryConfigurationDelegate : Finished Spring Data repository scanning in 63ms. Found 2 JPA repository interfaces.
2020-05-13 15:23:53.814  INFO 236 --- [main] o.s.b.w.embedded.tomcat.TomcatWebServer  : Tomcat initialized with port(s): 8080 (http)
2020-05-13 15:23:53.830  INFO 236 --- [main] o.apache.catalina.core.StandardService   : Starting service [Tomcat]
2020-05-13 15:23:53.830  INFO 236 --- [main] org.apache.catalina.core.StandardEngine  : Starting Servlet engine: [Apache Tomcat/9.0.34]
2020-05-13 15:23:53.957  INFO 236 --- [main] o.a.c.c.C.[Tomcat].[localhost].[/]       : Initializing Spring embedded WebApplicationContext
2020-05-13 15:23:53.957  INFO 236 --- [main] o.s.web.context.ContextLoader            : Root WebApplicationContext: initialization completed in 1919 ms
2020-05-13 15:23:54.188  INFO 236 --- [main] com.zaxxer.hikari.HikariDataSource       : HikariPool-1 - Starting...
2020-05-13 15:23:54.315  INFO 236 --- [main] com.zaxxer.hikari.HikariDataSource       : HikariPool-1 - Start completed.
2020-05-13 15:23:54.415  INFO 236 --- [main] o.s.b.a.h2.H2ConsoleAutoConfiguration    : H2 console available at '/h2-console'. Database available at 'jdbc:h2:~/dbIOU1'
2020-05-13 15:23:54.768  INFO 236 --- [main] o.hibernate.jpa.internal.util.LogHelper  : HHH000204: Processing PersistenceUnitInfo [name: default]
2020-05-13 15:23:54.830  INFO 236 --- [main] org.hibernate.Version                    : HHH000412: Hibernate ORM core version 5.4.15.Final
2020-05-13 15:23:54.959  INFO 236 --- [main] o.hibernate.annotations.common.Version   : HCANN000001: Hibernate Commons Annotations {5.1.0.Final}
2020-05-13 15:23:55.068  INFO 236 --- [main] org.hibernate.dialect.Dialect            : HHH000400: Using dialect: org.hibernate.dialect.H2Dialect
2020-05-13 15:23:55.958  INFO 236 --- [main] o.h.e.t.j.p.i.JtaPlatformInitiator       : HHH000490: Using JtaPlatform implementation: [org.hibernate.engine.transaction.jta.platform.internal.NoJtaPlatform]
2020-05-13 15:23:55.966  INFO 236 --- [main] j.LocalContainerEntityManagerFactoryBean : Initialized JPA EntityManagerFactory for persistence unit 'default'
2020-05-13 15:23:56.798  WARN 236 --- [main] JpaBaseConfiguration$JpaWebConfiguration : spring.jpa.open-in-view is enabled by default. Therefore, database queries may be performed during view rendering. Explicitly configure spring.jpa.open-in-view to disable this warning
2020-05-13 15:23:57.021  INFO 236 --- [main] o.s.s.concurrent.ThreadPoolTaskExecutor  : Initializing ExecutorService 'applicationTaskExecutor'
2020-05-13 15:23:57.552  INFO 236 --- [main] o.s.b.a.e.web.EndpointLinksResolver      : Exposing 2 endpoint(s) beneath base path '/actuator'
2020-05-13 15:23:57.630  INFO 236 --- [main] o.s.b.w.embedded.tomcat.TomcatWebServer  : Tomcat started on port(s): 8080 (http) with context path ''
2020-05-13 15:23:57.630  INFO 236 --- [main] com.iou.iou.IouApplication               : Started IouApplication in 6.147 seconds (JVM running for 7.421)
2020-05-13 15:24:04.167  INFO 236 --- [http-nio-8080-exec-1] o.a.c.c.C.[Tomcat].[localhost].[/]       : Initializing Spring DispatcherServlet 'dispatcherServlet'
2020-05-13 15:24:04.168  INFO 236 --- [http-nio-8080-exec-1] o.s.web.servlet.DispatcherServlet        : Initializing Servlet 'dispatcherServlet'
2020-05-13 15:24:04.193  INFO 236 --- [http-nio-8080-exec-1] o.s.web.servlet.DispatcherServlet        : Completed initialization in 25 ms
2020-05-13 15:24:04.672  INFO 236 --- [http-nio-8080-exec-1] com.iou.iou.Controllers.UserControllers  : User successfully saved
2020-05-13 15:24:27.972  INFO 236 --- [http-nio-8080-exec-3] com.iou.iou.Controllers.UserControllers  : User successfully saved
